*** Error 1 "son_proje.c" Line 268(1,2): Illegal C character in input file  0x80
*** Error 1 "son_proje.c" Line 268(1,2): Illegal C character in input file  0x00
*** Error 1 "son_proje.c" Line 268(3,4): Illegal C character in input file  0x24
*** Error 1 "son_proje.c" Line 268(3,4): Illegal C character in input file  0x00
*** Error 1 "son_proje.c" Line 268(3,4): Illegal C character in input file  0x00
*** Error 1 "son_proje.c" Line 268(3,4): Illegal C character in input file  0xFF
*** Error 1 "son_proje.c" Line 268(3,4): Illegal C character in input file  0xFF
*** Error 1 "son_proje.c" Line 268(3,4): Illegal C character in input file  0xFF
*** Error 1 "son_proje.c" Line 268(3,4): Illegal C character in input file  0x00
*** Error 1 "son_proje.c" Line 268(3,4): Illegal C character in input file  0x07
*** Error 1 "son_proje.c" Line 268(3,4): Illegal C character in input file  0x00
*** Error 1 "son_proje.c" Line 268(3,4): Illegal C character in input file  0x00
*** Error 1 "son_proje.c" Line 268(3,4): Illegal C character in input file  0x00
*** Error 1 "son_proje.c" Line 268(3,4): Illegal C character in input file  0x00
*** Error 1 "son_proje.c" Line 268(3,4): Illegal C character in input file  0x00
*** Error 1 "son_proje.c" Line 268(3,4): Illegal C character in input file  0x00
*** Error 1 "son_proje.c" Line 268(3,4): Illegal C character in input file  0x00
*** Error 1 "son_proje.c" Line 268(3,4): Illegal C character in input file  0x99
*** Error 1 "son_proje.c" Line 268(3,4): Illegal C character in input file  0xD3
*** Error 12 "son_proje.c" Line 268(1,2): Undefined identifier  -- write_
*** Error 1 "son_proje.c" Line 268(10,11): Illegal C character in input file  0xE7
*** Error 1 "son_proje.c" Line 268(10,11): Illegal C character in input file  0x24
*** Error 1 "son_proje.c" Line 268(10,11): Illegal C character in input file  0x9A
*** Error 12 "son_proje.c" Line 268(14,15): Undefined identifier   z
*** Error 1 "son_proje.c" Line 268(16,17): Illegal C character in input file  0xE5 after \
*** Error 1 "son_proje.c" Line 268(16,17): Illegal C character in input file  0xE5
*** Error 1 "son_proje.c" Line 268(16,17): Illegal C character in input file  0x40
*** Error 1 "son_proje.c" Line 268(16,17): Illegal C character in input file  0xB0
*** Error 1 "son_proje.c" Line 268(16,17): Illegal C character in input file  0x00
*** Error 1 "son_proje.c" Line 268(16,17): Illegal C character in input file  0x00
*** Error 1 "son_proje.c" Line 268(16,17): Illegal C character in input file  0x00
*** Error 1 "son_proje.c" Line 268(16,17): Illegal C character in input file  0xB0
*** Error 1 "son_proje.c" Line 268(16,17): Illegal C character in input file  0xD7
*** Error 1 "son_proje.c" Line 268(16,17): Illegal C character in input file  0x01
*** Error 1 "son_proje.c" Line 268(16,17): Illegal C character in input file  0x00
*** Error 1 "son_proje.c" Line 268(16,17): Illegal C character in input file  0x80
*** Error 1 "son_proje.c" Line 268(16,17): Illegal C character in input file  0x00
*** Error 1 "son_proje.c" Line 268(16,17): Illegal C character in input file  0x00
*** Error 1 "son_proje.c" Line 268(16,17): Illegal C character in input file  0x00
*** Error 1 "son_proje.c" Line 268(16,17): Illegal C character in input file  0x00
*** Error 1 "son_proje.c" Line 268(16,17): Illegal C character in input file  0x00
*** Error 1 "son_proje.c" Line 268(16,17): Illegal C character in input file  0x00
*** Error 1 "son_proje.c" Line 268(16,17): Illegal C character in input file  0x00
*** Error 1 "son_proje.c" Line 268(16,17): Illegal C character in input file  0x00
*** Error 1 "son_proje.c" Line 268(16,17): Illegal C character in input file  0x00
*** Error 1 "son_proje.c" Line 268(16,17): Illegal C character in input file  0x00
*** Error 1 "son_proje.c" Line 268(16,17): Illegal C character in input file  0x00
*** Error 1 "son_proje.c" Line 268(16,17): Illegal C character in input file  0xF0
*** Error 1 "son_proje.c" Line 268(16,17): Illegal C character in input file  0x10
*** Error 1 "son_proje.c" Line 268(16,17): Illegal C character in input file  0x03
*** Error 1 "son_proje.c" Line 268(16,17): Illegal C character in input file  0x02
*** Error 1 "son_proje.c" Line 268(16,17): Illegal C character in input file  0x40
*** Error 1 "son_proje.c" Line 268(26,27): Illegal C character in input file  0xE0
*** Error 1 "son_proje.c" Line 268(26,27): Illegal C character in input file  0x01
*** Error 1 "son_proje.c" Line 268(26,27): Illegal C character in input file  0xD0
*** Error 1 "son_proje.c" Line 268(29,30): Illegal C character in input file  0xE0
*** Error 1 "son_proje.c" Line 268(29,30): Illegal C character in input file  0x01
*** Error 1 "son_proje.c" Line 268(29,30): Illegal C character in input file  0x00
*** Error 1 "son_proje.c" Line 268(29,30): Illegal C character in input file  0x00
*** Error 1 "son_proje.c" Line 268(29,30): Illegal C character in input file  0x00
*** Error 1 "son_proje.c" Line 268(29,30): Illegal C character in input file  0x00
*** Error 1 "son_proje.c" Line 268(29,30): Illegal C character in input file  0x90
*** Error 1 "son_proje.c" Line 268(32,33): Illegal C character in input file  0xE0
*** Error 1 "son_proje.c" Line 268(32,33): Illegal C character in input file  0x01
*** Error 1 "son_proje.c" Line 268(32,33): Illegal C character in input file  0x00
*** Error 1 "son_proje.c" Line 268(32,33): Illegal C character in input file  0x00
*** Error 1 "son_proje.c" Line 268(32,33): Illegal C character in input file  0x00
*** Error 1 "son_proje.c" Line 268(32,33): Illegal C character in input file  0x00
*** Error 1 "son_proje.c" Line 268(32,33): Illegal C character in input file  0x00
*** Error 1 "son_proje.c" Line 268(32,33): Illegal C character in input file  0x00
*** Error 1 "son_proje.c" Line 268(32,33): Illegal C character in input file  0x00
*** Error 1 "son_proje.c" Line 268(32,33): Illegal C character in input file  0x00
*** Error 1 "son_proje.c" Line 268(32,33): Illegal C character in input file  0x00
*** Error 1 "son_proje.c" Line 268(32,33): Illegal C character in input file  0x00
*** Error 1 "son_proje.c" Line 268(32,33): Illegal C character in input file  0x00
*** Error 1 "son_proje.c" Line 268(32,33): Illegal C character in input file  0x00
*** Error 1 "son_proje.c" Line 268(32,33): Illegal C character in input file  0x00
*** Error 1 "son_proje.c" Line 268(32,33): Illegal C character in input file  0x00
*** Error 1 "son_proje.c" Line 268(32,33): Illegal C character in input file  0x00
*** Error 1 "son_proje.c" Line 268(32,33): Illegal C character in input file  0x00
*** Error 1 "son_proje.c" Line 268(32,33): Illegal C character in input file  0x00
*** Error 1 "son_proje.c" Line 268(32,33): Illegal C character in input file  0x00
*** Error 1 "son_proje.c" Line 268(32,33): Illegal C character in input file  0x00
*** Error 1 "son_proje.c" Line 268(32,33): Illegal C character in input file  0x00
*** Error 1 "son_proje.c" Line 268(32,33): Illegal C character in input file  0x00
*** Error 1 "son_proje.c" Line 268(32,33): Illegal C character in input file  0x00
*** Error 1 "son_proje.c" Line 268(32,33): Illegal C character in input file  0x00
*** Error 1 "son_proje.c" Line 268(32,33): Illegal C character in input file  0x00
*** Error 1 "son_proje.c" Line 268(32,33): Illegal C character in input file  0x00
*** Error 1 "son_proje.c" Line 268(32,33): Illegal C character in input file  0x00
*** Error 1 "son_proje.c" Line 268(32,33): Illegal C character in input file  0x00
*** Error 1 "son_proje.c" Line 268(32,33): Illegal C character in input file  0x00
*** Error 1 "son_proje.c" Line 268(32,33): Illegal C character in input file  0x00
*** Error 1 "son_proje.c" Line 268(32,33): Illegal C character in input file  0x00
*** Error 1 "son_proje.c" Line 268(32,33): Illegal C character in input file  0x00
*** Error 1 "son_proje.c" Line 268(32,33): Illegal C character in input file  0x00
*** Error 1 "son_proje.c" Line 268(35,36): Illegal C character in input file  0x50 after \
*** Error 1 "son_proje.c" Line 268(55,56): Illegal C character in input file  0x50 after \
*** Error 1 "son_proje.c" Line 268(1,2): Illegal C character in input file  0x80
*** Error 1 "son_proje.c" Line 268(1,2): Illegal C character in input file  0x00
*** Error 12 "son_proje.c" Line 268(1,2): Undefined identifier  -- write_
