
ROM used:   785/8192 (10%)
            785/8192 (10%) including unused fragments

            0.3 Average locations per line
            2.3 Average locations per statement

RAM used:   13/368 (4%) at main() level
            39/368 (11%) worst case

Stack used: 0 worst case (0 in main + 0 for interrupts)
Stack size: 8

Lines Stmts  %   Files
----- ----- ---  -----
   93    53  15  sadece_sicaklik.c
  661     0   0  ..\..\..\..\Program Files (x86)\PICC\Devices\16f877A.h
 2229   257  74  ..\..\..\..\Program Files (x86)\PICC\Drivers\math.h
   61    36  10  ds18b20.c
----- -----
 3044   346 Total

Page ROM  %  RAM   Vol Diff  Functions:
---- --- --- ---   --- ----  ----------
0     21   3    1             @delay_ms1
0     33   4    4             @SFTOI
 Inline        14             @DIVFF
 Inline         2             @SITOF
0     27   3    0    86  1.3  onewire_reset
0     38   5    2   272  4.3  onewire_write
0     43   5    2   284  4.6  onewire_read
0    316  40   13   488  3.7  ds1820_read
0     16   2    0             @const775
0     23   3    0    53  2.3  basamak_hesapla
0     37   5    5   505  1.4  @DIV1616
0     95  12    0   505  1.4  gecis_animasyon
0    132  17    1   770  4.3  MAIN
 Inline         0             @cinit1

Program metrics:
    Functions               8
    Statements              346
    Comments                398
    Volume (V)              4465
    Difficulty (D)          23.5
    Effort to implement (E) 104781
    Time to implement (T)   1 hours, 37 minutes
    Est Delivered Bugs (B)  1
    Cyclomatic Complexity   3
    Maintainability (MI)    27

 Segment     Used  Free
-----------  ----  ----
00000-00003     4  0  
00004-007FF   781  1263  
00800-00FFF     0  2048  
01000-017FF     0  2048  
01800-01FFF     0  2048  



