
ROM used:   128/2048 (6%)
            128/2048 (6%) including unused fragments

            0.2 Average locations per line
            7.5 Average locations per statement

RAM used:   14/224 (6%) at main() level
            16/224 (7%) worst case

Stack used: 1 worst case (0 in main + 1 for interrupts)
Stack size: 8

Lines Stmts  %   Files
----- ----- ---  -----
   33    17 100  kesme.c
    9     0   0  kesme.h
  508     0   0  ..\..\..\..\Program Files (x86)\PICC\Devices\16F628A.h
----- -----
  550    17 Total

Page ROM  %  RAM   Vol Diff  Functions:
---- --- --- ---   --- ----  ----------
0     21  16    1             @delay_ms1
0     42  33    1   231  3.2  ext_kesmesi
0     18  14    0   106  1.7  MAIN
 Inline         0             @cinit1

Program metrics:
    Functions               2
    Statements              17
    Comments                98
    Volume (V)              410
    Difficulty (D)          4.6
    Effort to implement (E) 1898
    Time to implement (T)   2 minutes
    Est Delivered Bugs (B)  0
    Cyclomatic Complexity   1
    Maintainability (MI)    59

 Segment     Used  Free
-----------  ----  ----
00000-00003     4  0  
00004-0002E    43  0  
0002F-007FF    81  1920  



