
ROM used:   3408/8192 (42%)
            3410/8192 (42%) including unused fragments

            1.0 Average locations per line
            4.6 Average locations per statement

RAM used:   37/368 (10%) at main() level
            77/368 (21%) worst case

Stack used: 0 worst case (0 in main + 0 for interrupts)
Stack size: 8

Lines Stmts  %   Files
----- ----- ---  -----
  447   437  59  saat_tarih_derece_7sdisplay.c
  629     0   0  ..\..\..\..\Program Files (x86)\PICC\Devices\16f877.h
  143    53   7  ..\..\..\..\Program Files (x86)\PICC\Drivers\DS1302.c
 2229   257  34  ..\..\..\..\Program Files (x86)\PICC\Drivers\math.h
----- -----
 3448   747 Total

Page ROM  %  RAM   Vol Diff  Functions:
---- --- --- ---   --- ----  ----------
0     20   1    1             @delay_ms1
0     32   1    2   199  4.3  write_ds1302_byte
0     19   1    2    94  1.8  write_ds1302
0     68   2    3   401  4.9  read_ds1302
0     43   1    2   247  3.7  rtc_init
0     23   1    4   160  5.0  get_bcd
0     21   1    3             @DIV88
0     37   1    2             @MUL88
0     27   1    4   160  4.2  rm_bcd
 Inline         5   238  3.1  rtc_get_date
 Inline         4   170  3.0  rtc_get_time
 Inline        20  1121 10.1  CEIL_FLOOR
0     63   2   10             @FLT
0     31   1    4             @SFTOI
0     29   1    2             @ITOF
0    117   3   13             @MULFF
1    321   9   16             @ADDFF
1    448  13    4    43  2.1  floor
0    202   6   14             @DIVFF
0     14   0    0             @const814
0     97   3    1   480  1.9  display_tara
0     63   2    1   295  1.9  sicaklik_tara
0    101   3    1   505  1.4  gecis_animasyon
0     33   1    1   130  1.8  display1_tara
0     33   1    1   130  1.8  display2_tara
0     33   1    1   130  1.8  display3_tara
0     17   0    1    95  1.2  set_konumunda_display_tara
0    867  25    1  8382  8.5  ayarlar
0     52   2    1   197  2.7  saat_basi_alarm
1    593  17    4  2521  6.9  MAIN
 Inline         0             @cinit1

Program metrics:
    Functions               20
    Statements              747
    Comments                503
    Volume (V)              22627
    Difficulty (D)          71.7
    Effort to implement (E) 1622483
    Time to implement (T)   25 hours, 2 minutes
    Est Delivered Bugs (B)  5
    Cyclomatic Complexity   61
    Maintainability (MI)    125

 Segment     Used  Free
-----------  ----  ----
00000-00003     4  0  
00004-007FF  2042  2  
00800-00FFF  1362  686  
01000-017FF     0  2048  
01800-01FFF     0  2048  



