
ROM used:   921/8192 (11%)
            921/8192 (11%) including unused fragments

            0.3 Average locations per line
            2.2 Average locations per statement

RAM used:   31/368 (8%) at main() level
            50/368 (14%) worst case

Stack used: 0 worst case (0 in main + 0 for interrupts)
Stack size: 8

Lines Stmts  %   Files
----- ----- ---  -----
  151   100  24  sadece_saat_tarih.c
  661     0   0  ..\..\..\..\Program Files (x86)\PICC\Devices\16f877A.h
 2229   257  63  ..\..\..\..\Program Files (x86)\PICC\Drivers\math.h
  143    53  13  ds1302.c
----- -----
 3184   410 Total

Page ROM  %  RAM   Vol Diff  Functions:
---- --- --- ---   --- ----  ----------
0     21   2    1             @delay_ms1
0     32   3    2   199  4.3  write_ds1302_byte
0     19   2    2    94  1.8  write_ds1302
0     56   6    3   401  4.9  read_ds1302
0     38   4    2   247  3.7  rtc_init
0     23   2    4   160  5.0  get_bcd
0     21   2    3    53  2.3  @DIV88
0     37   4    2   505  1.4  @MUL88
0     27   3    4   160  4.2  rm_bcd
0     72   8    7   402  2.2  rtc_set_datetime
 Inline         5   238  3.1  rtc_get_date
 Inline         4   170  3.0  rtc_get_time
0     16   2    0             @const808
0    103  11    1   505  1.4  gecis_animasyon
0    452  49    1  2953  5.9  MAIN
 Inline         0             @cinit1

Program metrics:
    Functions               13
    Statements              410
    Comments                446
    Volume (V)              9149
    Difficulty (D)          43.8
    Effort to implement (E) 400905
    Time to implement (T)   6 hours, 11 minutes
    Est Delivered Bugs (B)  2
    Cyclomatic Complexity   5
    Maintainability (MI)    98

 Segment     Used  Free
-----------  ----  ----
00000-00003     4  0  
00004-007FF   917  1127  
00800-00FFF     0  2048  
01000-017FF     0  2048  
01800-01FFF     0  2048  



